2021-10-06 14:37:33.934  INFO 1616 --- [main] com.example.ec.ExplorecaliApplication    : Starting ExplorecaliApplication on Urunovs-MacBook-Pro.local with PID 1616 (started by urunov in /Users/urunov/Documents/LinkInLearningSources/Microservice-Dockizer/Ex_Files_Ext_Docker_Spring_Boot_Upd/Exercise Files/Ch03/03_01/Start/explorecali)
2021-10-06 14:37:33.936 DEBUG 1616 --- [main] com.example.ec.ExplorecaliApplication    : Running with Spring Boot v2.0.1.RELEASE, Spring v5.0.5.RELEASE
2021-10-06 14:37:33.938  INFO 1616 --- [main] com.example.ec.ExplorecaliApplication    : No active profile set, falling back to default profiles: default
2021-10-06 14:37:33.985  INFO 1616 --- [main] ConfigServletWebServerApplicationContext : Refreshing org.springframework.boot.web.servlet.context.AnnotationConfigServletWebServerApplicationContext@6ea2bc93: startup date [Wed Oct 06 14:37:33 KST 2021]; root of context hierarchy
2021-10-06 14:37:34.794  INFO 1616 --- [main] o.s.b.f.s.DefaultListableBeanFactory     : Overriding bean definition for bean 'httpRequestHandlerAdapter' with a different definition: replacing [Root bean: class [null]; scope=; abstract=false; lazyInit=false; autowireMode=3; dependencyCheck=0; autowireCandidate=true; primary=false; factoryBeanName=org.springframework.boot.autoconfigure.web.servlet.WebMvcAutoConfiguration$EnableWebMvcConfiguration; factoryMethodName=httpRequestHandlerAdapter; initMethodName=null; destroyMethodName=(inferred); defined in class path resource [org/springframework/boot/autoconfigure/web/servlet/WebMvcAutoConfiguration$EnableWebMvcConfiguration.class]] with [Root bean: class [null]; scope=; abstract=false; lazyInit=false; autowireMode=3; dependencyCheck=0; autowireCandidate=true; primary=false; factoryBeanName=org.springframework.data.rest.webmvc.config.RepositoryRestMvcConfiguration; factoryMethodName=httpRequestHandlerAdapter; initMethodName=null; destroyMethodName=(inferred); defined in class path resource [org/springframework/data/rest/webmvc/config/RepositoryRestMvcConfiguration.class]]
2021-10-06 14:37:35.098  INFO 1616 --- [main] trationDelegate$BeanPostProcessorChecker : Bean 'org.springframework.transaction.annotation.ProxyTransactionManagementConfiguration' of type [org.springframework.transaction.annotation.ProxyTransactionManagementConfiguration$$EnhancerBySpringCGLIB$$9f6c7ec0] is not eligible for getting processed by all BeanPostProcessors (for example: not eligible for auto-proxying)
2021-10-06 14:37:35.346  INFO 1616 --- [main] o.s.b.w.embedded.tomcat.TomcatWebServer  : Tomcat initialized with port(s): 8080 (http)
2021-10-06 14:37:35.361  INFO 1616 --- [main] o.apache.catalina.core.StandardService   : Starting service [Tomcat]
2021-10-06 14:37:35.362  INFO 1616 --- [main] org.apache.catalina.core.StandardEngine  : Starting Servlet Engine: Apache Tomcat/8.5.29
2021-10-06 14:37:35.365  INFO 1616 --- [localhost-startStop-1] o.a.catalina.core.AprLifecycleListener   : The APR based Apache Tomcat Native library which allows optimal performance in production environments was not found on the java.library.path: [/Users/urunov/Library/Java/Extensions:/Library/Java/Extensions:/Network/Library/Java/Extensions:/System/Library/Java/Extensions:/usr/lib/java:.]
2021-10-06 14:37:35.427  INFO 1616 --- [localhost-startStop-1] o.a.c.c.C.[Tomcat].[localhost].[/]       : Initializing Spring embedded WebApplicationContext
2021-10-06 14:37:35.428  INFO 1616 --- [localhost-startStop-1] o.s.web.context.ContextLoader            : Root WebApplicationContext: initialization completed in 1443 ms
2021-10-06 14:37:35.531  INFO 1616 --- [localhost-startStop-1] o.s.b.w.servlet.ServletRegistrationBean  : Servlet dispatcherServlet mapped to [/]
2021-10-06 14:37:35.534  INFO 1616 --- [localhost-startStop-1] o.s.b.w.servlet.FilterRegistrationBean   : Mapping filter: 'characterEncodingFilter' to: [/*]
2021-10-06 14:37:35.534  INFO 1616 --- [localhost-startStop-1] o.s.b.w.servlet.FilterRegistrationBean   : Mapping filter: 'hiddenHttpMethodFilter' to: [/*]
2021-10-06 14:37:35.534  INFO 1616 --- [localhost-startStop-1] o.s.b.w.servlet.FilterRegistrationBean   : Mapping filter: 'httpPutFormContentFilter' to: [/*]
2021-10-06 14:37:35.534  INFO 1616 --- [localhost-startStop-1] o.s.b.w.servlet.FilterRegistrationBean   : Mapping filter: 'requestContextFilter' to: [/*]
2021-10-06 14:37:35.591  INFO 1616 --- [main] com.zaxxer.hikari.HikariDataSource       : HikariPool-1 - Starting...
2021-10-06 14:37:35.677  INFO 1616 --- [main] com.zaxxer.hikari.HikariDataSource       : HikariPool-1 - Start completed.
2021-10-06 14:37:35.686  INFO 1616 --- [main] o.s.jdbc.datasource.init.ScriptUtils     : Executing SQL script from URL [file:/Users/urunov/Documents/LinkInLearningSources/Microservice-Dockizer/Ex_Files_Ext_Docker_Spring_Boot_Upd/Exercise%20Files/Ch03/03_01/Start/explorecali/target/classes/schema.sql]
2021-10-06 14:37:35.711  INFO 1616 --- [main] o.s.jdbc.datasource.init.ScriptUtils     : Executed SQL script from URL [file:/Users/urunov/Documents/LinkInLearningSources/Microservice-Dockizer/Ex_Files_Ext_Docker_Spring_Boot_Upd/Exercise%20Files/Ch03/03_01/Start/explorecali/target/classes/schema.sql] in 24 ms.
2021-10-06 14:37:35.713  INFO 1616 --- [main] o.s.jdbc.datasource.init.ScriptUtils     : Executing SQL script from URL [file:/Users/urunov/Documents/LinkInLearningSources/Microservice-Dockizer/Ex_Files_Ext_Docker_Spring_Boot_Upd/Exercise%20Files/Ch03/03_01/Start/explorecali/target/classes/data.sql]
2021-10-06 14:37:35.732  INFO 1616 --- [main] o.s.jdbc.datasource.init.ScriptUtils     : Executed SQL script from URL [file:/Users/urunov/Documents/LinkInLearningSources/Microservice-Dockizer/Ex_Files_Ext_Docker_Spring_Boot_Upd/Exercise%20Files/Ch03/03_01/Start/explorecali/target/classes/data.sql] in 19 ms.
2021-10-06 14:37:35.798  INFO 1616 --- [main] j.LocalContainerEntityManagerFactoryBean : Building JPA container EntityManagerFactory for persistence unit 'default'
2021-10-06 14:37:35.809  INFO 1616 --- [main] o.hibernate.jpa.internal.util.LogHelper  : HHH000204: Processing PersistenceUnitInfo [
	name: default
	...]
2021-10-06 14:37:35.861  INFO 1616 --- [main] org.hibernate.Version                    : HHH000412: Hibernate Core {5.2.16.Final}
2021-10-06 14:37:35.862  INFO 1616 --- [main] org.hibernate.cfg.Environment            : HHH000206: hibernate.properties not found
2021-10-06 14:37:35.892  INFO 1616 --- [main] o.hibernate.annotations.common.Version   : HCANN000001: Hibernate Commons Annotations {5.0.1.Final}
2021-10-06 14:37:35.960  INFO 1616 --- [main] org.hibernate.dialect.Dialect            : HHH000400: Using dialect: org.hibernate.dialect.H2Dialect
2021-10-06 14:37:36.212  WARN 1616 --- [main] ConfigServletWebServerApplicationContext : Exception encountered during context initialization - cancelling refresh attempt: org.springframework.beans.factory.BeanCreationException: Error creating bean with name 'entityManagerFactory' defined in class path resource [org/springframework/boot/autoconfigure/orm/jpa/HibernateJpaConfiguration.class]: Invocation of init method failed; nested exception is javax.persistence.PersistenceException: [PersistenceUnit: default] Unable to build Hibernate SessionFactory; nested exception is org.hibernate.MappingException: Could not get constructor for org.hibernate.persister.entity.SingleTableEntityPersister
2021-10-06 14:37:36.213  INFO 1616 --- [main] com.zaxxer.hikari.HikariDataSource       : HikariPool-1 - Shutdown initiated...
2021-10-06 14:37:36.214  INFO 1616 --- [main] com.zaxxer.hikari.HikariDataSource       : HikariPool-1 - Shutdown completed.
2021-10-06 14:37:36.216  INFO 1616 --- [main] o.apache.catalina.core.StandardService   : Stopping service [Tomcat]
2021-10-06 14:37:36.225  INFO 1616 --- [main] ConditionEvaluationReportLoggingListener : 

Error starting ApplicationContext. To display the conditions report re-run your application with 'debug' enabled.
2021-10-06 14:37:36.230 ERROR 1616 --- [main] o.s.boot.SpringApplication               : Application run failed

org.springframework.beans.factory.BeanCreationException: Error creating bean with name 'entityManagerFactory' defined in class path resource [org/springframework/boot/autoconfigure/orm/jpa/HibernateJpaConfiguration.class]: Invocation of init method failed; nested exception is javax.persistence.PersistenceException: [PersistenceUnit: default] Unable to build Hibernate SessionFactory; nested exception is org.hibernate.MappingException: Could not get constructor for org.hibernate.persister.entity.SingleTableEntityPersister
	at org.springframework.beans.factory.support.AbstractAutowireCapableBeanFactory.initializeBean(AbstractAutowireCapableBeanFactory.java:1702)
	at org.springframework.beans.factory.support.AbstractAutowireCapableBeanFactory.doCreateBean(AbstractAutowireCapableBeanFactory.java:579)
	at org.springframework.beans.factory.support.AbstractAutowireCapableBeanFactory.createBean(AbstractAutowireCapableBeanFactory.java:501)
	at org.springframework.beans.factory.support.AbstractBeanFactory.lambda$doGetBean$0(AbstractBeanFactory.java:317)
	at org.springframework.beans.factory.support.DefaultSingletonBeanRegistry.getSingleton(DefaultSingletonBeanRegistry.java:228)
	at org.springframework.beans.factory.support.AbstractBeanFactory.doGetBean(AbstractBeanFactory.java:315)
	at org.springframework.beans.factory.support.AbstractBeanFactory.getBean(AbstractBeanFactory.java:199)
	at org.springframework.context.support.AbstractApplicationContext.getBean(AbstractApplicationContext.java:1089)
	at org.springframework.context.support.AbstractApplicationContext.finishBeanFactoryInitialization(AbstractApplicationContext.java:859)
	at org.springframework.context.support.AbstractApplicationContext.refresh(AbstractApplicationContext.java:550)
	at org.springframework.boot.web.servlet.context.ServletWebServerApplicationContext.refresh(ServletWebServerApplicationContext.java:140)
	at org.springframework.boot.SpringApplication.refresh(SpringApplication.java:759)
	at org.springframework.boot.SpringApplication.refreshContext(SpringApplication.java:395)
	at org.springframework.boot.SpringApplication.run(SpringApplication.java:327)
	at org.springframework.boot.SpringApplication.run(SpringApplication.java:1255)
	at org.springframework.boot.SpringApplication.run(SpringApplication.java:1243)
	at com.example.ec.ExplorecaliApplication.main(ExplorecaliApplication.java:36)
Caused by: javax.persistence.PersistenceException: [PersistenceUnit: default] Unable to build Hibernate SessionFactory; nested exception is org.hibernate.MappingException: Could not get constructor for org.hibernate.persister.entity.SingleTableEntityPersister
	at org.springframework.orm.jpa.AbstractEntityManagerFactoryBean.buildNativeEntityManagerFactory(AbstractEntityManagerFactoryBean.java:402)
	at org.springframework.orm.jpa.AbstractEntityManagerFactoryBean.afterPropertiesSet(AbstractEntityManagerFactoryBean.java:377)
	at org.springframework.orm.jpa.LocalContainerEntityManagerFactoryBean.afterPropertiesSet(LocalContainerEntityManagerFactoryBean.java:341)
	at org.springframework.beans.factory.support.AbstractAutowireCapableBeanFactory.invokeInitMethods(AbstractAutowireCapableBeanFactory.java:1761)
	at org.springframework.beans.factory.support.AbstractAutowireCapableBeanFactory.initializeBean(AbstractAutowireCapableBeanFactory.java:1698)
	... 16 common frames omitted
Caused by: org.hibernate.MappingException: Could not get constructor for org.hibernate.persister.entity.SingleTableEntityPersister
	at org.hibernate.persister.internal.PersisterFactoryImpl.createEntityPersister(PersisterFactoryImpl.java:123)
	at org.hibernate.persister.internal.PersisterFactoryImpl.createEntityPersister(PersisterFactoryImpl.java:77)
	at org.hibernate.metamodel.internal.MetamodelImpl.initialize(MetamodelImpl.java:128)
	at org.hibernate.internal.SessionFactoryImpl.<init>(SessionFactoryImpl.java:300)
	at org.hibernate.boot.internal.SessionFactoryBuilderImpl.build(SessionFactoryBuilderImpl.java:460)
	at org.hibernate.jpa.boot.internal.EntityManagerFactoryBuilderImpl.build(EntityManagerFactoryBuilderImpl.java:892)
	at org.springframework.orm.jpa.vendor.SpringHibernateJpaPersistenceProvider.createContainerEntityManagerFactory(SpringHibernateJpaPersistenceProvider.java:57)
	at org.springframework.orm.jpa.LocalContainerEntityManagerFactoryBean.createNativeEntityManagerFactory(LocalContainerEntityManagerFactoryBean.java:365)
	at org.springframework.orm.jpa.AbstractEntityManagerFactoryBean.buildNativeEntityManagerFactory(AbstractEntityManagerFactoryBean.java:390)
	... 20 common frames omitted
Caused by: org.hibernate.HibernateException: Unable to instantiate default tuplizer [org.hibernate.tuple.entity.PojoEntityTuplizer]
	at org.hibernate.tuple.entity.EntityTuplizerFactory.constructTuplizer(EntityTuplizerFactory.java:91)
	at org.hibernate.tuple.entity.EntityTuplizerFactory.constructDefaultTuplizer(EntityTuplizerFactory.java:116)
	at org.hibernate.tuple.entity.EntityMetamodel.<init>(EntityMetamodel.java:382)
	at org.hibernate.persister.entity.AbstractEntityPersister.<init>(AbstractEntityPersister.java:519)
	at org.hibernate.persister.entity.SingleTableEntityPersister.<init>(SingleTableEntityPersister.java:124)
	at java.base/jdk.internal.reflect.NativeConstructorAccessorImpl.newInstance0(Native Method)
	at java.base/jdk.internal.reflect.NativeConstructorAccessorImpl.newInstance(NativeConstructorAccessorImpl.java:64)
	at java.base/jdk.internal.reflect.DelegatingConstructorAccessorImpl.newInstance(DelegatingConstructorAccessorImpl.java:45)
	at java.base/java.lang.reflect.Constructor.newInstanceWithCaller(Constructor.java:500)
	at java.base/java.lang.reflect.Constructor.newInstance(Constructor.java:481)
	at org.hibernate.persister.internal.PersisterFactoryImpl.createEntityPersister(PersisterFactoryImpl.java:96)
	... 28 common frames omitted
Caused by: java.lang.reflect.InvocationTargetException: null
	at java.base/jdk.internal.reflect.NativeConstructorAccessorImpl.newInstance0(Native Method)
	at java.base/jdk.internal.reflect.NativeConstructorAccessorImpl.newInstance(NativeConstructorAccessorImpl.java:64)
	at java.base/jdk.internal.reflect.DelegatingConstructorAccessorImpl.newInstance(DelegatingConstructorAccessorImpl.java:45)
	at java.base/java.lang.reflect.Constructor.newInstanceWithCaller(Constructor.java:500)
	at java.base/java.lang.reflect.Constructor.newInstance(Constructor.java:481)
	at org.hibernate.tuple.entity.EntityTuplizerFactory.constructTuplizer(EntityTuplizerFactory.java:88)
	... 38 common frames omitted
Caused by: java.lang.NullPointerException: Cannot invoke "java.lang.reflect.AccessibleObject.setAccessible(boolean)" because "ao" is null
	at javassist.util.proxy.SecurityActions.setAccessible(SecurityActions.java:103)
	at javassist.util.proxy.DefineClassHelper.toClass3(DefineClassHelper.java:151)
	at javassist.util.proxy.DefineClassHelper.toClass2(DefineClassHelper.java:134)
	at javassist.util.proxy.DefineClassHelper.toClass(DefineClassHelper.java:95)
	at javassist.util.proxy.FactoryHelper.toClass(FactoryHelper.java:131)
	at javassist.util.proxy.ProxyFactory.createClass3(ProxyFactory.java:530)
	at javassist.util.proxy.ProxyFactory.createClass2(ProxyFactory.java:515)
	at javassist.util.proxy.ProxyFactory.createClass1(ProxyFactory.java:451)
	at javassist.util.proxy.ProxyFactory.createClass(ProxyFactory.java:422)
	at org.hibernate.proxy.pojo.javassist.JavassistProxyFactory.postInstantiate(JavassistProxyFactory.java:75)
	at org.hibernate.tuple.entity.PojoEntityTuplizer.buildProxyFactory(PojoEntityTuplizer.java:162)
	at org.hibernate.tuple.entity.AbstractEntityTuplizer.<init>(AbstractEntityTuplizer.java:156)
	at org.hibernate.tuple.entity.PojoEntityTuplizer.<init>(PojoEntityTuplizer.java:58)
	... 44 common frames omitted

